2024-12-30 16:35:03,939 - INFO - Initializing traders...
2024-12-30 16:35:03,941 - WARNING - No trained model found for RVNUSDT
2024-12-30 16:35:03,941 - WARNING - No trained model found for ALGOUSDT
2024-12-30 16:35:03,941 - WARNING - No trained model found for STXUSDT
2024-12-30 16:35:03,942 - WARNING - No trained model found for SXPUSDT
2024-12-30 16:35:03,942 - WARNING - No trained model found for ROSEUSDT
2024-12-30 16:35:03,942 - WARNING - No trained model found for DOTUSDT
2024-12-30 16:35:03,942 - WARNING - No trained model found for XTZUSDT
2024-12-30 16:35:03,942 - WARNING - No trained model found for OGNUSDT
2024-12-30 16:35:03,942 - WARNING - No trained model found for ADAUSDT
2024-12-30 16:35:03,942 - WARNING - No trained model found for SUNUSDT
2024-12-30 16:35:03,942 - WARNING - No trained model found for FUNUSDT
2024-12-30 16:35:03,942 - WARNING - No trained model found for KMDUSDT
2024-12-30 16:35:03,943 - WARNING - No trained model found for MBLUSDT
2024-12-30 16:35:03,943 - WARNING - No trained model found for JSTUSDT
2024-12-30 16:35:03,943 - WARNING - No trained model found for DODOUSDT
2024-12-30 16:35:03,943 - WARNING - No trained model found for PONDUSDT
2024-12-30 16:35:03,943 - WARNING - No trained model found for ONEUSDT
2024-12-30 16:35:03,943 - WARNING - No trained model found for DASHUSDT
2024-12-30 16:35:03,943 - WARNING - No trained model found for MDTUSDT
2024-12-30 16:35:03,943 - WARNING - No trained model found for OGUSDT
2024-12-30 16:35:03,943 - WARNING - No trained model found for FILUSDT
2024-12-30 16:35:03,943 - WARNING - No trained model found for XVSUSDT
2024-12-30 16:35:03,943 - WARNING - No trained model found for WANUSDT
2024-12-30 16:35:03,943 - WARNING - No trained model found for ASRUSDT
2024-12-30 16:35:03,944 - WARNING - No trained model found for JUVUSDT
2024-12-30 16:35:03,944 - WARNING - No trained model found for THETAUSDT
2024-12-30 16:35:03,944 - WARNING - No trained model found for LITUSDT
2024-12-30 16:35:03,944 - WARNING - No trained model found for NEOUSDT
2024-12-30 16:35:03,944 - WARNING - No trained model found for HIVEUSDT
2024-12-30 16:35:03,944 - WARNING - No trained model found for ARDRUSDT
2024-12-30 16:35:03,944 - WARNING - No trained model found for FISUSDT
2024-12-30 16:35:03,944 - WARNING - No trained model found for CHZUSDT
2024-12-30 16:35:03,944 - WARNING - No trained model found for XRPUSDT
2024-12-30 16:35:03,944 - WARNING - No trained model found for LRCUSDT
2024-12-30 16:35:03,944 - WARNING - No trained model found for LSKUSDT
2024-12-30 16:35:03,944 - WARNING - No trained model found for SNXUSDT
2024-12-30 16:35:03,946 - WARNING - No trained model found for RSRUSDT
2024-12-30 16:35:03,946 - WARNING - No trained model found for ZECUSDT
2024-12-30 16:35:03,947 - WARNING - No trained model found for COMPUSDT
2024-12-30 16:35:03,947 - WARNING - No trained model found for BATUSDT
2024-12-30 16:35:03,947 - WARNING - No trained model found for EURUSDT
2024-12-30 16:35:03,947 - WARNING - No trained model found for OXTUSDT
2024-12-30 16:35:03,947 - WARNING - No trained model found for TRBUSDT
2024-12-30 16:35:03,947 - WARNING - No trained model found for KSMUSDT
2024-12-30 16:35:03,947 - WARNING - No trained model found for ALPHAUSDT
2024-12-30 16:35:03,947 - WARNING - No trained model found for ETHUSDT
2024-12-30 16:35:03,947 - WARNING - No trained model found for 1INCHUSDT
2024-12-30 16:35:03,947 - WARNING - No trained model found for CKBUSDT
2024-12-30 16:35:03,948 - WARNING - No trained model found for ATOMUSDT
2024-12-30 16:35:03,948 - WARNING - No trained model found for VETUSDT
2024-12-30 16:35:03,948 - WARNING - No trained model found for DUSKUSDT
2024-12-30 16:35:03,948 - WARNING - No trained model found for ALICEUSDT
2024-12-30 16:35:03,949 - WARNING - No trained model found for FETUSDT
2024-12-30 16:35:03,949 - WARNING - No trained model found for ONGUSDT
2024-12-30 16:35:03,949 - WARNING - No trained model found for CTXCUSDT
2024-12-30 16:35:03,949 - WARNING - No trained model found for SCUSDT
2024-12-30 16:35:03,949 - WARNING - No trained model found for COSUSDT
2024-12-30 16:35:03,949 - WARNING - No trained model found for COTIUSDT
2024-12-30 16:35:03,949 - WARNING - No trained model found for VTHOUSDT
2024-12-30 16:35:03,949 - WARNING - No trained model found for DEGOUSDT
2024-12-30 16:35:03,949 - WARNING - No trained model found for UMAUSDT
2024-12-30 16:35:03,949 - WARNING - No trained model found for FIROUSDT
2024-12-30 16:35:03,950 - WARNING - No trained model found for NEARUSDT
2024-12-30 16:35:03,950 - WARNING - No trained model found for WINUSDT
2024-12-30 16:35:03,950 - WARNING - No trained model found for FLMUSDT
2024-12-30 16:35:03,950 - WARNING - No trained model found for DATAUSDT
2024-12-30 16:35:03,950 - WARNING - No trained model found for AXSUSDT
2024-12-30 16:35:03,950 - WARNING - No trained model found for ONTUSDT
2024-12-30 16:35:03,950 - WARNING - No trained model found for SOLUSDT
2024-12-30 16:35:03,950 - WARNING - No trained model found for TUSDUSDT
2024-12-30 16:35:03,950 - WARNING - No trained model found for KNCUSDT
2024-12-30 16:35:03,950 - WARNING - No trained model found for IOTAUSDT
2024-12-30 16:35:03,950 - WARNING - No trained model found for BALUSDT
2024-12-30 16:35:03,951 - WARNING - No trained model found for USDCUSDT
2024-12-30 16:35:03,951 - WARNING - No trained model found for FIOUSDT
2024-12-30 16:35:03,951 - WARNING - No trained model found for DOGEUSDT
2024-12-30 16:35:03,951 - WARNING - No trained model found for IOSTUSDT
2024-12-30 16:35:03,951 - WARNING - No trained model found for MKRUSDT
2024-12-30 16:35:03,951 - WARNING - No trained model found for GRTUSDT
2024-12-30 16:35:03,951 - WARNING - No trained model found for OMUSDT
2024-12-30 16:35:03,951 - WARNING - No trained model found for UNIUSDT
2024-12-30 16:35:03,951 - WARNING - No trained model found for TROYUSDT
2024-12-30 16:35:03,951 - WARNING - No trained model found for SANDUSDT
2024-12-30 16:35:03,951 - WARNING - No trained model found for ACMUSDT
2024-12-30 16:35:03,952 - WARNING - No trained model found for ANKRUSDT
2024-12-30 16:35:03,952 - WARNING - No trained model found for NULSUSDT
2024-12-30 16:35:03,952 - WARNING - No trained model found for CAKEUSDT
2024-12-30 16:35:03,952 - WARNING - No trained model found for PSGUSDT
2024-12-30 16:35:03,952 - WARNING - No trained model found for BANDUSDT
2024-12-30 16:35:03,952 - WARNING - No trained model found for LTOUSDT
2024-12-30 16:35:03,952 - WARNING - No trained model found for DGBUSDT
2024-12-30 16:35:03,952 - WARNING - No trained model found for ATMUSDT
2024-12-30 16:35:03,952 - WARNING - No trained model found for HBARUSDT
2024-12-30 16:35:03,952 - WARNING - No trained model found for FTMUSDT
2024-12-30 16:35:03,952 - WARNING - No trained model found for STPTUSDT
2024-12-30 16:35:03,952 - WARNING - No trained model found for INJUSDT
2024-12-30 16:35:03,952 - WARNING - No trained model found for DCRUSDT
2024-12-30 16:35:03,952 - WARNING - No trained model found for BCHUSDT
2024-12-30 16:35:03,952 - WARNING - No trained model found for RIFUSDT
2024-12-30 16:35:03,952 - WARNING - No trained model found for SFPUSDT
2024-12-30 16:35:03,952 - WARNING - No trained model found for AVAUSDT
2024-12-30 16:35:03,953 - WARNING - No trained model found for AAVEUSDT
2024-12-30 16:35:03,953 - WARNING - No trained model found for TRXUSDT
2024-12-30 16:35:03,953 - WARNING - No trained model found for MANAUSDT
2024-12-30 16:35:03,953 - WARNING - No trained model found for SUSHIUSDT
2024-12-30 16:35:03,953 - WARNING - No trained model found for HOTUSDT
2024-12-30 16:35:03,953 - WARNING - No trained model found for ICXUSDT
2024-12-30 16:35:03,953 - WARNING - No trained model found for LTCUSDT
2024-12-30 16:35:03,953 - WARNING - No trained model found for ZILUSDT
2024-12-30 16:35:03,953 - WARNING - No trained model found for YFIUSDT
2024-12-30 16:35:03,953 - WARNING - No trained model found for CELOUSDT
2024-12-30 16:35:03,953 - WARNING - No trained model found for EOSUSDT
2024-12-30 16:35:03,953 - WARNING - No trained model found for CTSIUSDT
2024-12-30 16:35:03,954 - WARNING - No trained model found for TRUUSDT
2024-12-30 16:35:03,954 - WARNING - No trained model found for AUDIOUSDT
2024-12-30 16:35:03,954 - WARNING - No trained model found for KAVAUSDT
2024-12-30 16:35:03,954 - WARNING - No trained model found for RLCUSDT
2024-12-30 16:35:03,954 - WARNING - No trained model found for ETCUSDT
2024-12-30 16:35:03,954 - WARNING - No trained model found for ZRXUSDT
2024-12-30 16:35:03,954 - WARNING - No trained model found for VITEUSDT
2024-12-30 16:35:03,954 - WARNING - No trained model found for ZENUSDT
2024-12-30 16:35:03,954 - WARNING - No trained model found for ARPAUSDT
2024-12-30 16:35:03,954 - WARNING - No trained model found for FTTUSDT
2024-12-30 16:35:03,954 - WARNING - No trained model found for CVCUSDT
2024-12-30 16:35:03,954 - WARNING - No trained model found for HARDUSDT
2024-12-30 16:35:03,954 - WARNING - No trained model found for BTCUSDT
2024-12-30 16:35:03,954 - WARNING - No trained model found for UTKUSDT
2024-12-30 16:35:03,954 - WARNING - No trained model found for DIAUSDT
2024-12-30 16:35:03,954 - WARNING - No trained model found for BADGERUSDT
2024-12-30 16:35:03,955 - WARNING - No trained model found for RUNEUSDT
2024-12-30 16:35:03,955 - WARNING - No trained model found for TWTUSDT
2024-12-30 16:35:03,955 - WARNING - No trained model found for ENJUSDT
2024-12-30 16:35:03,955 - WARNING - No trained model found for TFUELUSDT
2024-12-30 16:35:03,955 - WARNING - No trained model found for STRAXUSDT
2024-12-30 16:35:03,955 - WARNING - No trained model found for BELUSDT
2024-12-30 16:35:03,955 - WARNING - No trained model found for LUNAUSDT
2024-12-30 16:35:03,955 - WARNING - No trained model found for DENTUSDT
2024-12-30 16:35:03,955 - WARNING - No trained model found for CHRUSDT
2024-12-30 16:35:03,955 - WARNING - No trained model found for LINKUSDT
2024-12-30 16:35:03,955 - WARNING - No trained model found for CELRUSDT
2024-12-30 16:35:03,955 - WARNING - No trained model found for EGLDUSDT
2024-12-30 16:35:03,956 - WARNING - No trained model found for STORJUSDT
2024-12-30 16:35:03,956 - WARNING - No trained model found for STMXUSDT
2024-12-30 16:35:03,956 - WARNING - No trained model found for BNBUSDT
2024-12-30 16:35:03,956 - WARNING - No trained model found for NKNUSDT
2024-12-30 16:35:03,956 - WARNING - No trained model found for WINGUSDT
2024-12-30 16:35:03,956 - WARNING - No trained model found for CRVUSDT
2024-12-30 16:35:03,956 - WARNING - No trained model found for SKLUSDT
2024-12-30 16:35:03,956 - WARNING - No trained model found for BNTUSDT
2024-12-30 16:35:03,956 - WARNING - No trained model found for NMRUSDT
2024-12-30 16:35:03,956 - WARNING - No trained model found for CTKUSDT
2024-12-30 16:35:03,956 - WARNING - No trained model found for XLMUSDT
2024-12-30 16:35:03,956 - WARNING - No trained model found for QTUMUSDT
2024-12-30 16:35:03,956 - WARNING - No trained model found for AVAXUSDT
2024-12-30 16:35:03,956 - WARNING - No trained model found for PAXGUSDT
2024-12-30 16:35:03,957 - WARNING - No trained model found for IOTXUSDT
2024-12-30 16:35:03,957 - WARNING - No trained model found for MTLUSDT
2024-12-30 16:35:03,957 - INFO - Total number of active traders: 157
2024-12-30 16:36:32,119 - WARNING - No model available for RVNUSDT
2024-12-30 16:36:32,127 - WARNING - No model available for ALGOUSDT
2024-12-30 16:36:32,134 - WARNING - No model available for STXUSDT
2024-12-30 16:36:32,140 - WARNING - No model available for SXPUSDT
2024-12-30 16:36:32,145 - WARNING - No model available for ROSEUSDT
2024-12-30 16:36:32,150 - WARNING - No model available for DOTUSDT
2024-12-30 16:36:32,155 - WARNING - No model available for XTZUSDT
2024-12-30 16:36:32,161 - WARNING - No model available for OGNUSDT
2024-12-30 16:36:32,165 - WARNING - No model available for ADAUSDT
2024-12-30 16:36:32,169 - WARNING - No model available for SUNUSDT
2024-12-30 16:36:32,173 - WARNING - No model available for FUNUSDT
2024-12-30 16:36:32,177 - WARNING - No model available for KMDUSDT
2024-12-30 16:36:32,181 - WARNING - No model available for MBLUSDT
2024-12-30 16:36:32,185 - WARNING - No model available for JSTUSDT
2024-12-30 16:36:32,189 - WARNING - No model available for DODOUSDT
2024-12-30 16:36:32,194 - WARNING - No model available for PONDUSDT
2024-12-30 16:36:32,197 - WARNING - No model available for ONEUSDT
2024-12-30 16:36:32,201 - WARNING - No model available for DASHUSDT
2024-12-30 16:36:32,205 - WARNING - No model available for MDTUSDT
2024-12-30 16:36:32,209 - WARNING - No model available for OGUSDT
2024-12-30 16:36:32,214 - WARNING - No model available for FILUSDT
2024-12-30 16:36:32,218 - WARNING - No model available for XVSUSDT
2024-12-30 16:36:32,223 - WARNING - No model available for WANUSDT
2024-12-30 16:36:32,227 - WARNING - No model available for ASRUSDT
2024-12-30 16:36:32,231 - WARNING - No model available for JUVUSDT
2024-12-30 16:36:32,235 - WARNING - No model available for THETAUSDT
2024-12-30 16:36:32,239 - WARNING - No model available for LITUSDT
2024-12-30 16:36:32,242 - WARNING - No model available for NEOUSDT
2024-12-30 16:36:32,246 - WARNING - No model available for HIVEUSDT
2024-12-30 16:36:32,249 - WARNING - No model available for ARDRUSDT
2024-12-30 16:36:32,253 - WARNING - No model available for FISUSDT
2024-12-30 16:36:32,258 - WARNING - No model available for CHZUSDT
2024-12-30 16:36:32,262 - WARNING - No model available for XRPUSDT
2024-12-30 16:36:32,266 - WARNING - No model available for LRCUSDT
2024-12-30 16:36:32,270 - WARNING - No model available for LSKUSDT
2024-12-30 16:36:32,274 - WARNING - No model available for SNXUSDT
2024-12-30 16:36:32,277 - WARNING - No model available for RSRUSDT
2024-12-30 16:36:32,281 - WARNING - No model available for ZECUSDT
2024-12-30 16:36:32,284 - WARNING - No model available for COMPUSDT
2024-12-30 16:36:32,288 - WARNING - No model available for BATUSDT
2024-12-30 16:36:32,292 - WARNING - No model available for EURUSDT
2024-12-30 16:36:32,296 - WARNING - No model available for OXTUSDT
2024-12-30 16:36:32,299 - WARNING - No model available for TRBUSDT
2024-12-30 16:36:32,303 - WARNING - No model available for KSMUSDT
2024-12-30 16:36:32,307 - WARNING - No model available for ALPHAUSDT
2024-12-30 16:36:32,310 - WARNING - No model available for ETHUSDT
2024-12-30 16:36:32,314 - WARNING - No model available for 1INCHUSDT
2024-12-30 16:36:32,317 - WARNING - No model available for CKBUSDT
2024-12-30 16:36:32,322 - WARNING - No model available for ATOMUSDT
2024-12-30 16:36:32,325 - WARNING - No model available for VETUSDT
2024-12-30 16:36:32,329 - WARNING - No model available for DUSKUSDT
2024-12-30 16:36:32,332 - WARNING - No model available for ALICEUSDT
2024-12-30 16:36:32,336 - WARNING - No model available for FETUSDT
2024-12-30 16:36:32,340 - WARNING - No model available for ONGUSDT
2024-12-30 16:36:32,343 - WARNING - No model available for CTXCUSDT
2024-12-30 16:36:32,347 - WARNING - No model available for SCUSDT
2024-12-30 16:36:32,350 - WARNING - No model available for COSUSDT
2024-12-30 16:36:32,354 - WARNING - No model available for COTIUSDT
2024-12-30 16:36:32,358 - WARNING - No model available for VTHOUSDT
2024-12-30 16:36:32,361 - WARNING - No model available for DEGOUSDT
2024-12-30 16:36:32,365 - WARNING - No model available for UMAUSDT
2024-12-30 16:36:32,368 - WARNING - No model available for FIROUSDT
2024-12-30 16:36:32,372 - WARNING - No model available for NEARUSDT
2024-12-30 16:36:32,375 - WARNING - No model available for WINUSDT
2024-12-30 16:36:32,379 - WARNING - No model available for FLMUSDT
2024-12-30 16:36:32,382 - WARNING - No model available for DATAUSDT
2024-12-30 16:36:32,386 - WARNING - No model available for AXSUSDT
2024-12-30 16:36:32,390 - WARNING - No model available for ONTUSDT
2024-12-30 16:36:32,394 - WARNING - No model available for SOLUSDT
2024-12-30 16:36:32,398 - WARNING - No model available for TUSDUSDT
2024-12-30 16:36:32,401 - WARNING - No model available for KNCUSDT
2024-12-30 16:36:32,404 - WARNING - No model available for IOTAUSDT
2024-12-30 16:36:32,409 - WARNING - No model available for BALUSDT
2024-12-30 16:36:32,412 - WARNING - No model available for USDCUSDT
2024-12-30 16:36:32,416 - WARNING - No model available for FIOUSDT
2024-12-30 16:36:32,419 - WARNING - No model available for DOGEUSDT
2024-12-30 16:36:32,423 - WARNING - No model available for IOSTUSDT
2024-12-30 16:36:32,427 - WARNING - No model available for MKRUSDT
2024-12-30 16:36:32,430 - WARNING - No model available for GRTUSDT
2024-12-30 16:36:32,433 - WARNING - No model available for OMUSDT
2024-12-30 16:36:32,437 - WARNING - No model available for UNIUSDT
2024-12-30 16:36:32,441 - WARNING - No model available for TROYUSDT
2024-12-30 16:36:32,444 - WARNING - No model available for SANDUSDT
2024-12-30 16:36:32,448 - WARNING - No model available for ACMUSDT
2024-12-30 16:36:32,451 - WARNING - No model available for ANKRUSDT
2024-12-30 16:36:32,455 - WARNING - No model available for NULSUSDT
2024-12-30 16:36:32,459 - WARNING - No model available for CAKEUSDT
2024-12-30 16:36:32,463 - WARNING - No model available for PSGUSDT
2024-12-30 16:36:32,467 - WARNING - No model available for BANDUSDT
2024-12-30 16:36:32,471 - WARNING - No model available for LTOUSDT
2024-12-30 16:36:32,475 - WARNING - No model available for DGBUSDT
2024-12-30 16:36:32,479 - WARNING - No model available for ATMUSDT
2024-12-30 16:36:32,483 - WARNING - No model available for HBARUSDT
2024-12-30 16:36:32,486 - WARNING - No model available for FTMUSDT
2024-12-30 16:36:32,491 - WARNING - No model available for STPTUSDT
2024-12-30 16:36:32,495 - WARNING - No model available for INJUSDT
2024-12-30 16:36:32,498 - WARNING - No model available for DCRUSDT
2024-12-30 16:36:32,502 - WARNING - No model available for BCHUSDT
2024-12-30 16:36:32,506 - WARNING - No model available for RIFUSDT
2024-12-30 16:36:32,509 - WARNING - No model available for SFPUSDT
2024-12-30 16:36:32,513 - WARNING - No model available for AVAUSDT
2024-12-30 16:36:32,516 - WARNING - No model available for AAVEUSDT
2024-12-30 16:36:32,520 - WARNING - No model available for TRXUSDT
2024-12-30 16:36:32,524 - WARNING - No model available for MANAUSDT
2024-12-30 16:36:32,527 - WARNING - No model available for SUSHIUSDT
2024-12-30 16:36:32,530 - WARNING - No model available for HOTUSDT
2024-12-30 16:36:32,534 - WARNING - No model available for ICXUSDT
2024-12-30 16:36:32,537 - WARNING - No model available for LTCUSDT
2024-12-30 16:36:32,541 - WARNING - No model available for ZILUSDT
2024-12-30 16:36:32,545 - WARNING - No model available for YFIUSDT
2024-12-30 16:36:32,548 - WARNING - No model available for CELOUSDT
2024-12-30 16:36:32,552 - WARNING - No model available for EOSUSDT
2024-12-30 16:36:32,556 - WARNING - No model available for CTSIUSDT
2024-12-30 16:36:32,559 - WARNING - No model available for TRUUSDT
2024-12-30 16:36:32,563 - WARNING - No model available for AUDIOUSDT
2024-12-30 16:36:32,566 - WARNING - No model available for KAVAUSDT
2024-12-30 16:36:32,570 - WARNING - No model available for RLCUSDT
2024-12-30 16:36:32,573 - WARNING - No model available for ETCUSDT
2024-12-30 16:36:32,577 - WARNING - No model available for ZRXUSDT
2024-12-30 16:36:32,580 - WARNING - No model available for VITEUSDT
2024-12-30 16:36:32,584 - WARNING - No model available for ZENUSDT
2024-12-30 16:36:32,587 - WARNING - No model available for ARPAUSDT
2024-12-30 16:36:32,591 - WARNING - No model available for FTTUSDT
2024-12-30 16:36:32,595 - WARNING - No model available for CVCUSDT
2024-12-30 16:36:32,598 - WARNING - No model available for HARDUSDT
2024-12-30 16:36:32,602 - WARNING - No model available for BTCUSDT
2024-12-30 16:36:32,606 - WARNING - No model available for UTKUSDT
2024-12-30 16:36:32,609 - WARNING - No model available for DIAUSDT
2024-12-30 16:36:32,613 - WARNING - No model available for BADGERUSDT
2024-12-30 16:36:32,616 - WARNING - No model available for RUNEUSDT
2024-12-30 16:36:32,620 - WARNING - No model available for TWTUSDT
2024-12-30 16:36:32,623 - WARNING - No model available for ENJUSDT
2024-12-30 16:36:32,627 - WARNING - No model available for TFUELUSDT
2024-12-30 16:36:32,630 - WARNING - No model available for STRAXUSDT
2024-12-30 16:36:32,634 - WARNING - No model available for BELUSDT
2024-12-30 16:36:32,637 - WARNING - No model available for LUNAUSDT
2024-12-30 16:36:32,641 - WARNING - No model available for DENTUSDT
2024-12-30 16:36:32,644 - WARNING - No model available for CHRUSDT
2024-12-30 16:36:32,648 - WARNING - No model available for LINKUSDT
2024-12-30 16:36:32,651 - WARNING - No model available for CELRUSDT
2024-12-30 16:36:32,655 - WARNING - No model available for EGLDUSDT
2024-12-30 16:36:32,659 - WARNING - No model available for STORJUSDT
2024-12-30 16:36:32,662 - WARNING - No model available for STMXUSDT
2024-12-30 16:36:32,666 - WARNING - No model available for BNBUSDT
2024-12-30 16:36:32,669 - WARNING - No model available for NKNUSDT
2024-12-30 16:36:32,673 - WARNING - No model available for WINGUSDT
2024-12-30 16:36:32,676 - WARNING - No model available for CRVUSDT
2024-12-30 16:36:32,680 - WARNING - No model available for SKLUSDT
2024-12-30 16:36:32,683 - WARNING - No model available for BNTUSDT
2024-12-30 16:36:32,686 - WARNING - No model available for NMRUSDT
2024-12-30 16:36:32,690 - WARNING - No model available for CTKUSDT
2024-12-30 16:36:32,694 - WARNING - No model available for XLMUSDT
2024-12-30 16:36:32,697 - WARNING - No model available for QTUMUSDT
2024-12-30 16:36:32,701 - WARNING - No model available for AVAXUSDT
2024-12-30 16:36:32,705 - WARNING - No model available for PAXGUSDT
2024-12-30 16:36:32,708 - WARNING - No model available for IOTXUSDT
2024-12-30 16:36:32,712 - WARNING - No model available for MTLUSDT
2024-12-30 16:37:37,118 - INFO - Initializing traders...
2024-12-30 16:37:37,151 - INFO - Successfully loaded model from /Users/andi/Trader/Trader_Agent/train_models/RVNUSDT_model.pth
2024-12-30 16:37:37,151 - INFO - ✅ Successfully initialized RVNUSDT trader
2024-12-30 16:37:37,155 - INFO - Successfully loaded model from /Users/andi/Trader/Trader_Agent/train_models/ALGOUSDT_model.pth
2024-12-30 16:37:37,155 - INFO - ✅ Successfully initialized ALGOUSDT trader
2024-12-30 16:37:37,158 - INFO - Successfully loaded model from /Users/andi/Trader/Trader_Agent/train_models/STXUSDT_model.pth
2024-12-30 16:37:37,158 - INFO - ✅ Successfully initialized STXUSDT trader
2024-12-30 16:37:37,161 - INFO - Successfully loaded model from /Users/andi/Trader/Trader_Agent/train_models/SXPUSDT_model.pth
2024-12-30 16:37:37,161 - INFO - ✅ Successfully initialized SXPUSDT trader
2024-12-30 16:37:37,164 - INFO - Successfully loaded model from /Users/andi/Trader/Trader_Agent/train_models/ROSEUSDT_model.pth
2024-12-30 16:37:37,164 - INFO - ✅ Successfully initialized ROSEUSDT trader
2024-12-30 16:37:37,168 - INFO - Successfully loaded model from /Users/andi/Trader/Trader_Agent/train_models/DOTUSDT_model.pth
2024-12-30 16:37:37,168 - INFO - ✅ Successfully initialized DOTUSDT trader
2024-12-30 16:37:37,171 - INFO - Successfully loaded model from /Users/andi/Trader/Trader_Agent/train_models/XTZUSDT_model.pth
2024-12-30 16:37:37,171 - INFO - ✅ Successfully initialized XTZUSDT trader
2024-12-30 16:37:37,174 - INFO - Successfully loaded model from /Users/andi/Trader/Trader_Agent/train_models/OGNUSDT_model.pth
2024-12-30 16:37:37,174 - INFO - ✅ Successfully initialized OGNUSDT trader
2024-12-30 16:37:37,177 - INFO - Successfully loaded model from /Users/andi/Trader/Trader_Agent/train_models/ADAUSDT_model.pth
2024-12-30 16:37:37,177 - INFO - ✅ Successfully initialized ADAUSDT trader
2024-12-30 16:37:37,181 - INFO - Successfully loaded model from /Users/andi/Trader/Trader_Agent/train_models/SUNUSDT_model.pth
2024-12-30 16:37:37,181 - INFO - ✅ Successfully initialized SUNUSDT trader
2024-12-30 16:37:37,184 - INFO - Successfully loaded model from /Users/andi/Trader/Trader_Agent/train_models/FUNUSDT_model.pth
2024-12-30 16:37:37,184 - INFO - ✅ Successfully initialized FUNUSDT trader
2024-12-30 16:37:37,187 - INFO - Successfully loaded model from /Users/andi/Trader/Trader_Agent/train_models/KMDUSDT_model.pth
2024-12-30 16:37:37,187 - INFO - ✅ Successfully initialized KMDUSDT trader
2024-12-30 16:37:37,191 - INFO - Successfully loaded model from /Users/andi/Trader/Trader_Agent/train_models/MBLUSDT_model.pth
2024-12-30 16:37:37,191 - INFO - ✅ Successfully initialized MBLUSDT trader
2024-12-30 16:37:37,194 - INFO - Successfully loaded model from /Users/andi/Trader/Trader_Agent/train_models/JSTUSDT_model.pth
2024-12-30 16:37:37,194 - INFO - ✅ Successfully initialized JSTUSDT trader
2024-12-30 16:37:37,197 - INFO - Successfully loaded model from /Users/andi/Trader/Trader_Agent/train_models/DODOUSDT_model.pth
2024-12-30 16:37:37,197 - INFO - ✅ Successfully initialized DODOUSDT trader
2024-12-30 16:37:37,200 - INFO - Successfully loaded model from /Users/andi/Trader/Trader_Agent/train_models/PONDUSDT_model.pth
2024-12-30 16:37:37,200 - INFO - ✅ Successfully initialized PONDUSDT trader
2024-12-30 16:37:37,202 - INFO - Successfully loaded model from /Users/andi/Trader/Trader_Agent/train_models/ONEUSDT_model.pth
2024-12-30 16:37:37,202 - INFO - ✅ Successfully initialized ONEUSDT trader
2024-12-30 16:37:37,205 - INFO - Successfully loaded model from /Users/andi/Trader/Trader_Agent/train_models/DASHUSDT_model.pth
2024-12-30 16:37:37,205 - INFO - ✅ Successfully initialized DASHUSDT trader
2024-12-30 16:37:37,208 - INFO - Successfully loaded model from /Users/andi/Trader/Trader_Agent/train_models/MDTUSDT_model.pth
2024-12-30 16:37:37,208 - INFO - ✅ Successfully initialized MDTUSDT trader
2024-12-30 16:37:37,210 - INFO - Successfully loaded model from /Users/andi/Trader/Trader_Agent/train_models/OGUSDT_model.pth
2024-12-30 16:37:37,210 - INFO - ✅ Successfully initialized OGUSDT trader
2024-12-30 16:37:37,212 - INFO - Successfully loaded model from /Users/andi/Trader/Trader_Agent/train_models/FILUSDT_model.pth
2024-12-30 16:37:37,212 - INFO - ✅ Successfully initialized FILUSDT trader
2024-12-30 16:37:37,215 - INFO - Successfully loaded model from /Users/andi/Trader/Trader_Agent/train_models/XVSUSDT_model.pth
2024-12-30 16:37:37,215 - INFO - ✅ Successfully initialized XVSUSDT trader
2024-12-30 16:37:37,217 - INFO - Successfully loaded model from /Users/andi/Trader/Trader_Agent/train_models/WANUSDT_model.pth
2024-12-30 16:37:37,217 - INFO - ✅ Successfully initialized WANUSDT trader
2024-12-30 16:37:37,220 - INFO - Successfully loaded model from /Users/andi/Trader/Trader_Agent/train_models/ASRUSDT_model.pth
2024-12-30 16:37:37,220 - INFO - ✅ Successfully initialized ASRUSDT trader
2024-12-30 16:37:37,222 - INFO - Successfully loaded model from /Users/andi/Trader/Trader_Agent/train_models/JUVUSDT_model.pth
2024-12-30 16:37:37,222 - INFO - ✅ Successfully initialized JUVUSDT trader
2024-12-30 16:37:37,225 - INFO - Successfully loaded model from /Users/andi/Trader/Trader_Agent/train_models/THETAUSDT_model.pth
2024-12-30 16:37:37,225 - INFO - ✅ Successfully initialized THETAUSDT trader
2024-12-30 16:37:37,227 - INFO - Successfully loaded model from /Users/andi/Trader/Trader_Agent/train_models/LITUSDT_model.pth
2024-12-30 16:37:37,227 - INFO - ✅ Successfully initialized LITUSDT trader
2024-12-30 16:37:37,229 - INFO - Successfully loaded model from /Users/andi/Trader/Trader_Agent/train_models/NEOUSDT_model.pth
2024-12-30 16:37:37,229 - INFO - ✅ Successfully initialized NEOUSDT trader
2024-12-30 16:37:37,231 - INFO - Successfully loaded model from /Users/andi/Trader/Trader_Agent/train_models/HIVEUSDT_model.pth
2024-12-30 16:37:37,231 - INFO - ✅ Successfully initialized HIVEUSDT trader
2024-12-30 16:37:37,234 - INFO - Successfully loaded model from /Users/andi/Trader/Trader_Agent/train_models/ARDRUSDT_model.pth
2024-12-30 16:37:37,234 - INFO - ✅ Successfully initialized ARDRUSDT trader
2024-12-30 16:37:37,236 - INFO - Successfully loaded model from /Users/andi/Trader/Trader_Agent/train_models/FISUSDT_model.pth
2024-12-30 16:37:37,236 - INFO - ✅ Successfully initialized FISUSDT trader
2024-12-30 16:37:37,238 - INFO - Successfully loaded model from /Users/andi/Trader/Trader_Agent/train_models/CHZUSDT_model.pth
2024-12-30 16:37:37,238 - INFO - ✅ Successfully initialized CHZUSDT trader
2024-12-30 16:37:37,241 - INFO - Successfully loaded model from /Users/andi/Trader/Trader_Agent/train_models/XRPUSDT_model.pth
2024-12-30 16:37:37,241 - INFO - ✅ Successfully initialized XRPUSDT trader
2024-12-30 16:37:37,244 - INFO - Successfully loaded model from /Users/andi/Trader/Trader_Agent/train_models/LRCUSDT_model.pth
2024-12-30 16:37:37,244 - INFO - ✅ Successfully initialized LRCUSDT trader
2024-12-30 16:37:37,246 - INFO - Successfully loaded model from /Users/andi/Trader/Trader_Agent/train_models/LSKUSDT_model.pth
2024-12-30 16:37:37,246 - INFO - ✅ Successfully initialized LSKUSDT trader
2024-12-30 16:37:37,249 - INFO - Successfully loaded model from /Users/andi/Trader/Trader_Agent/train_models/SNXUSDT_model.pth
2024-12-30 16:37:37,249 - INFO - ✅ Successfully initialized SNXUSDT trader
2024-12-30 16:37:37,253 - INFO - Successfully loaded model from /Users/andi/Trader/Trader_Agent/train_models/RSRUSDT_model.pth
2024-12-30 16:37:37,253 - INFO - ✅ Successfully initialized RSRUSDT trader
2024-12-30 16:37:37,255 - INFO - Successfully loaded model from /Users/andi/Trader/Trader_Agent/train_models/ZECUSDT_model.pth
2024-12-30 16:37:37,255 - INFO - ✅ Successfully initialized ZECUSDT trader
2024-12-30 16:37:37,257 - INFO - Successfully loaded model from /Users/andi/Trader/Trader_Agent/train_models/COMPUSDT_model.pth
2024-12-30 16:37:37,257 - INFO - ✅ Successfully initialized COMPUSDT trader
2024-12-30 16:37:37,259 - INFO - Successfully loaded model from /Users/andi/Trader/Trader_Agent/train_models/BATUSDT_model.pth
2024-12-30 16:37:37,259 - INFO - ✅ Successfully initialized BATUSDT trader
2024-12-30 16:37:37,261 - INFO - Successfully loaded model from /Users/andi/Trader/Trader_Agent/train_models/EURUSDT_model.pth
2024-12-30 16:37:37,261 - INFO - ✅ Successfully initialized EURUSDT trader
2024-12-30 16:37:37,263 - INFO - Successfully loaded model from /Users/andi/Trader/Trader_Agent/train_models/OXTUSDT_model.pth
2024-12-30 16:37:37,263 - INFO - ✅ Successfully initialized OXTUSDT trader
2024-12-30 16:37:37,266 - INFO - Successfully loaded model from /Users/andi/Trader/Trader_Agent/train_models/TRBUSDT_model.pth
2024-12-30 16:37:37,266 - INFO - ✅ Successfully initialized TRBUSDT trader
2024-12-30 16:37:37,268 - INFO - Successfully loaded model from /Users/andi/Trader/Trader_Agent/train_models/KSMUSDT_model.pth
2024-12-30 16:37:37,268 - INFO - ✅ Successfully initialized KSMUSDT trader
2024-12-30 16:37:37,270 - INFO - Successfully loaded model from /Users/andi/Trader/Trader_Agent/train_models/ALPHAUSDT_model.pth
2024-12-30 16:37:37,270 - INFO - ✅ Successfully initialized ALPHAUSDT trader
2024-12-30 16:37:37,273 - INFO - Successfully loaded model from /Users/andi/Trader/Trader_Agent/train_models/ETHUSDT_model.pth
2024-12-30 16:37:37,273 - INFO - ✅ Successfully initialized ETHUSDT trader
2024-12-30 16:37:37,275 - INFO - Successfully loaded model from /Users/andi/Trader/Trader_Agent/train_models/1INCHUSDT_model.pth
2024-12-30 16:37:37,276 - INFO - ✅ Successfully initialized 1INCHUSDT trader
2024-12-30 16:37:37,278 - INFO - Successfully loaded model from /Users/andi/Trader/Trader_Agent/train_models/CKBUSDT_model.pth
2024-12-30 16:37:37,278 - INFO - ✅ Successfully initialized CKBUSDT trader
2024-12-30 16:37:37,280 - INFO - Successfully loaded model from /Users/andi/Trader/Trader_Agent/train_models/ATOMUSDT_model.pth
2024-12-30 16:37:37,280 - INFO - ✅ Successfully initialized ATOMUSDT trader
2024-12-30 16:37:37,282 - INFO - Successfully loaded model from /Users/andi/Trader/Trader_Agent/train_models/VETUSDT_model.pth
2024-12-30 16:37:37,282 - INFO - ✅ Successfully initialized VETUSDT trader
2024-12-30 16:37:37,284 - INFO - Successfully loaded model from /Users/andi/Trader/Trader_Agent/train_models/DUSKUSDT_model.pth
2024-12-30 16:37:37,284 - INFO - ✅ Successfully initialized DUSKUSDT trader
2024-12-30 16:37:37,286 - INFO - Successfully loaded model from /Users/andi/Trader/Trader_Agent/train_models/ALICEUSDT_model.pth
2024-12-30 16:37:37,286 - INFO - ✅ Successfully initialized ALICEUSDT trader
2024-12-30 16:37:37,289 - INFO - Successfully loaded model from /Users/andi/Trader/Trader_Agent/train_models/FETUSDT_model.pth
2024-12-30 16:37:37,289 - INFO - ✅ Successfully initialized FETUSDT trader
2024-12-30 16:37:37,291 - INFO - Successfully loaded model from /Users/andi/Trader/Trader_Agent/train_models/ONGUSDT_model.pth
2024-12-30 16:37:37,291 - INFO - ✅ Successfully initialized ONGUSDT trader
2024-12-30 16:37:37,293 - INFO - Successfully loaded model from /Users/andi/Trader/Trader_Agent/train_models/CTXCUSDT_model.pth
2024-12-30 16:37:37,293 - INFO - ✅ Successfully initialized CTXCUSDT trader
2024-12-30 16:37:37,296 - INFO - Successfully loaded model from /Users/andi/Trader/Trader_Agent/train_models/SCUSDT_model.pth
2024-12-30 16:37:37,297 - INFO - ✅ Successfully initialized SCUSDT trader
2024-12-30 16:37:37,338 - INFO - Successfully loaded model from /Users/andi/Trader/Trader_Agent/train_models/COSUSDT_model.pth
2024-12-30 16:37:37,338 - INFO - ✅ Successfully initialized COSUSDT trader
2024-12-30 16:37:37,340 - INFO - Successfully loaded model from /Users/andi/Trader/Trader_Agent/train_models/COTIUSDT_model.pth
2024-12-30 16:37:37,340 - INFO - ✅ Successfully initialized COTIUSDT trader
2024-12-30 16:37:37,343 - INFO - Successfully loaded model from /Users/andi/Trader/Trader_Agent/train_models/VTHOUSDT_model.pth
2024-12-30 16:37:37,343 - INFO - ✅ Successfully initialized VTHOUSDT trader
2024-12-30 16:37:37,346 - INFO - Successfully loaded model from /Users/andi/Trader/Trader_Agent/train_models/DEGOUSDT_model.pth
2024-12-30 16:37:37,346 - INFO - ✅ Successfully initialized DEGOUSDT trader
2024-12-30 16:37:37,348 - INFO - Successfully loaded model from /Users/andi/Trader/Trader_Agent/train_models/UMAUSDT_model.pth
2024-12-30 16:37:37,348 - INFO - ✅ Successfully initialized UMAUSDT trader
2024-12-30 16:37:37,351 - INFO - Successfully loaded model from /Users/andi/Trader/Trader_Agent/train_models/FIROUSDT_model.pth
2024-12-30 16:37:37,351 - INFO - ✅ Successfully initialized FIROUSDT trader
2024-12-30 16:37:37,353 - INFO - Successfully loaded model from /Users/andi/Trader/Trader_Agent/train_models/NEARUSDT_model.pth
2024-12-30 16:37:37,353 - INFO - ✅ Successfully initialized NEARUSDT trader
2024-12-30 16:37:37,355 - INFO - Successfully loaded model from /Users/andi/Trader/Trader_Agent/train_models/WINUSDT_model.pth
2024-12-30 16:37:37,355 - INFO - ✅ Successfully initialized WINUSDT trader
2024-12-30 16:37:37,358 - INFO - Successfully loaded model from /Users/andi/Trader/Trader_Agent/train_models/FLMUSDT_model.pth
2024-12-30 16:37:37,358 - INFO - ✅ Successfully initialized FLMUSDT trader
2024-12-30 16:37:37,360 - INFO - Successfully loaded model from /Users/andi/Trader/Trader_Agent/train_models/DATAUSDT_model.pth
2024-12-30 16:37:37,360 - INFO - ✅ Successfully initialized DATAUSDT trader
2024-12-30 16:37:37,362 - INFO - Successfully loaded model from /Users/andi/Trader/Trader_Agent/train_models/AXSUSDT_model.pth
2024-12-30 16:37:37,362 - INFO - ✅ Successfully initialized AXSUSDT trader
2024-12-30 16:37:37,364 - INFO - Successfully loaded model from /Users/andi/Trader/Trader_Agent/train_models/ONTUSDT_model.pth
2024-12-30 16:37:37,365 - INFO - ✅ Successfully initialized ONTUSDT trader
2024-12-30 16:37:37,367 - INFO - Successfully loaded model from /Users/andi/Trader/Trader_Agent/train_models/SOLUSDT_model.pth
2024-12-30 16:37:37,367 - INFO - ✅ Successfully initialized SOLUSDT trader
2024-12-30 16:37:37,367 - WARNING - No trained model found for TUSDUSDT
2024-12-30 16:37:37,369 - INFO - Successfully loaded model from /Users/andi/Trader/Trader_Agent/train_models/KNCUSDT_model.pth
2024-12-30 16:37:37,369 - INFO - ✅ Successfully initialized KNCUSDT trader
2024-12-30 16:37:37,372 - INFO - Successfully loaded model from /Users/andi/Trader/Trader_Agent/train_models/IOTAUSDT_model.pth
2024-12-30 16:37:37,372 - INFO - ✅ Successfully initialized IOTAUSDT trader
2024-12-30 16:37:37,374 - INFO - Successfully loaded model from /Users/andi/Trader/Trader_Agent/train_models/BALUSDT_model.pth
2024-12-30 16:37:37,374 - INFO - ✅ Successfully initialized BALUSDT trader
2024-12-30 16:37:37,374 - WARNING - No trained model found for USDCUSDT
2024-12-30 16:37:37,376 - INFO - Successfully loaded model from /Users/andi/Trader/Trader_Agent/train_models/FIOUSDT_model.pth
2024-12-30 16:37:37,376 - INFO - ✅ Successfully initialized FIOUSDT trader
2024-12-30 16:37:37,378 - INFO - Successfully loaded model from /Users/andi/Trader/Trader_Agent/train_models/DOGEUSDT_model.pth
2024-12-30 16:37:37,378 - INFO - ✅ Successfully initialized DOGEUSDT trader
2024-12-30 16:37:37,381 - INFO - Successfully loaded model from /Users/andi/Trader/Trader_Agent/train_models/IOSTUSDT_model.pth
2024-12-30 16:37:37,381 - INFO - ✅ Successfully initialized IOSTUSDT trader
2024-12-30 16:37:37,383 - INFO - Successfully loaded model from /Users/andi/Trader/Trader_Agent/train_models/MKRUSDT_model.pth
2024-12-30 16:37:37,383 - INFO - ✅ Successfully initialized MKRUSDT trader
2024-12-30 16:37:37,385 - INFO - Successfully loaded model from /Users/andi/Trader/Trader_Agent/train_models/GRTUSDT_model.pth
2024-12-30 16:37:37,385 - INFO - ✅ Successfully initialized GRTUSDT trader
2024-12-30 16:37:37,388 - INFO - Successfully loaded model from /Users/andi/Trader/Trader_Agent/train_models/OMUSDT_model.pth
2024-12-30 16:37:37,388 - INFO - ✅ Successfully initialized OMUSDT trader
2024-12-30 16:37:37,390 - INFO - Successfully loaded model from /Users/andi/Trader/Trader_Agent/train_models/UNIUSDT_model.pth
2024-12-30 16:37:37,390 - INFO - ✅ Successfully initialized UNIUSDT trader
2024-12-30 16:37:37,392 - INFO - Successfully loaded model from /Users/andi/Trader/Trader_Agent/train_models/TROYUSDT_model.pth
2024-12-30 16:37:37,392 - INFO - ✅ Successfully initialized TROYUSDT trader
2024-12-30 16:37:37,396 - INFO - Successfully loaded model from /Users/andi/Trader/Trader_Agent/train_models/SANDUSDT_model.pth
2024-12-30 16:37:37,396 - INFO - ✅ Successfully initialized SANDUSDT trader
2024-12-30 16:37:37,398 - INFO - Successfully loaded model from /Users/andi/Trader/Trader_Agent/train_models/ACMUSDT_model.pth
2024-12-30 16:37:37,398 - INFO - ✅ Successfully initialized ACMUSDT trader
2024-12-30 16:37:37,400 - INFO - Successfully loaded model from /Users/andi/Trader/Trader_Agent/train_models/ANKRUSDT_model.pth
2024-12-30 16:37:37,400 - INFO - ✅ Successfully initialized ANKRUSDT trader
2024-12-30 16:37:37,402 - INFO - Successfully loaded model from /Users/andi/Trader/Trader_Agent/train_models/NULSUSDT_model.pth
2024-12-30 16:37:37,402 - INFO - ✅ Successfully initialized NULSUSDT trader
2024-12-30 16:37:37,405 - INFO - Successfully loaded model from /Users/andi/Trader/Trader_Agent/train_models/CAKEUSDT_model.pth
2024-12-30 16:37:37,405 - INFO - ✅ Successfully initialized CAKEUSDT trader
2024-12-30 16:37:37,407 - INFO - Successfully loaded model from /Users/andi/Trader/Trader_Agent/train_models/PSGUSDT_model.pth
2024-12-30 16:37:37,407 - INFO - ✅ Successfully initialized PSGUSDT trader
2024-12-30 16:37:37,410 - INFO - Successfully loaded model from /Users/andi/Trader/Trader_Agent/train_models/BANDUSDT_model.pth
2024-12-30 16:37:37,410 - INFO - ✅ Successfully initialized BANDUSDT trader
2024-12-30 16:37:37,412 - INFO - Successfully loaded model from /Users/andi/Trader/Trader_Agent/train_models/LTOUSDT_model.pth
2024-12-30 16:37:37,412 - INFO - ✅ Successfully initialized LTOUSDT trader
2024-12-30 16:37:37,415 - INFO - Successfully loaded model from /Users/andi/Trader/Trader_Agent/train_models/DGBUSDT_model.pth
2024-12-30 16:37:37,415 - INFO - ✅ Successfully initialized DGBUSDT trader
2024-12-30 16:37:37,418 - INFO - Successfully loaded model from /Users/andi/Trader/Trader_Agent/train_models/ATMUSDT_model.pth
2024-12-30 16:37:37,418 - INFO - ✅ Successfully initialized ATMUSDT trader
2024-12-30 16:37:37,420 - INFO - Successfully loaded model from /Users/andi/Trader/Trader_Agent/train_models/HBARUSDT_model.pth
2024-12-30 16:37:37,420 - INFO - ✅ Successfully initialized HBARUSDT trader
2024-12-30 16:37:37,422 - INFO - Successfully loaded model from /Users/andi/Trader/Trader_Agent/train_models/FTMUSDT_model.pth
2024-12-30 16:37:37,422 - INFO - ✅ Successfully initialized FTMUSDT trader
2024-12-30 16:37:37,424 - INFO - Successfully loaded model from /Users/andi/Trader/Trader_Agent/train_models/STPTUSDT_model.pth
2024-12-30 16:37:37,424 - INFO - ✅ Successfully initialized STPTUSDT trader
2024-12-30 16:37:37,427 - INFO - Successfully loaded model from /Users/andi/Trader/Trader_Agent/train_models/INJUSDT_model.pth
2024-12-30 16:37:37,427 - INFO - ✅ Successfully initialized INJUSDT trader
2024-12-30 16:37:37,429 - INFO - Successfully loaded model from /Users/andi/Trader/Trader_Agent/train_models/DCRUSDT_model.pth
2024-12-30 16:37:37,429 - INFO - ✅ Successfully initialized DCRUSDT trader
2024-12-30 16:37:37,431 - INFO - Successfully loaded model from /Users/andi/Trader/Trader_Agent/train_models/BCHUSDT_model.pth
2024-12-30 16:37:37,431 - INFO - ✅ Successfully initialized BCHUSDT trader
2024-12-30 16:37:37,433 - INFO - Successfully loaded model from /Users/andi/Trader/Trader_Agent/train_models/RIFUSDT_model.pth
2024-12-30 16:37:37,433 - INFO - ✅ Successfully initialized RIFUSDT trader
2024-12-30 16:37:37,436 - INFO - Successfully loaded model from /Users/andi/Trader/Trader_Agent/train_models/SFPUSDT_model.pth
2024-12-30 16:37:37,436 - INFO - ✅ Successfully initialized SFPUSDT trader
2024-12-30 16:37:37,438 - INFO - Successfully loaded model from /Users/andi/Trader/Trader_Agent/train_models/AVAUSDT_model.pth
2024-12-30 16:37:37,438 - INFO - ✅ Successfully initialized AVAUSDT trader
2024-12-30 16:37:37,441 - INFO - Successfully loaded model from /Users/andi/Trader/Trader_Agent/train_models/AAVEUSDT_model.pth
2024-12-30 16:37:37,441 - INFO - ✅ Successfully initialized AAVEUSDT trader
2024-12-30 16:37:37,443 - INFO - Successfully loaded model from /Users/andi/Trader/Trader_Agent/train_models/TRXUSDT_model.pth
2024-12-30 16:37:37,443 - INFO - ✅ Successfully initialized TRXUSDT trader
2024-12-30 16:37:37,446 - INFO - Successfully loaded model from /Users/andi/Trader/Trader_Agent/train_models/MANAUSDT_model.pth
2024-12-30 16:37:37,446 - INFO - ✅ Successfully initialized MANAUSDT trader
2024-12-30 16:37:37,448 - INFO - Successfully loaded model from /Users/andi/Trader/Trader_Agent/train_models/SUSHIUSDT_model.pth
2024-12-30 16:37:37,448 - INFO - ✅ Successfully initialized SUSHIUSDT trader
2024-12-30 16:37:37,450 - INFO - Successfully loaded model from /Users/andi/Trader/Trader_Agent/train_models/HOTUSDT_model.pth
2024-12-30 16:37:37,450 - INFO - ✅ Successfully initialized HOTUSDT trader
2024-12-30 16:37:37,452 - INFO - Successfully loaded model from /Users/andi/Trader/Trader_Agent/train_models/ICXUSDT_model.pth
2024-12-30 16:37:37,452 - INFO - ✅ Successfully initialized ICXUSDT trader
2024-12-30 16:37:37,454 - INFO - Successfully loaded model from /Users/andi/Trader/Trader_Agent/train_models/LTCUSDT_model.pth
2024-12-30 16:37:37,454 - INFO - ✅ Successfully initialized LTCUSDT trader
2024-12-30 16:37:37,457 - INFO - Successfully loaded model from /Users/andi/Trader/Trader_Agent/train_models/ZILUSDT_model.pth
2024-12-30 16:37:37,457 - INFO - ✅ Successfully initialized ZILUSDT trader
2024-12-30 16:37:37,459 - INFO - Successfully loaded model from /Users/andi/Trader/Trader_Agent/train_models/YFIUSDT_model.pth
2024-12-30 16:37:37,459 - INFO - ✅ Successfully initialized YFIUSDT trader
2024-12-30 16:37:37,461 - INFO - Successfully loaded model from /Users/andi/Trader/Trader_Agent/train_models/CELOUSDT_model.pth
2024-12-30 16:37:37,461 - INFO - ✅ Successfully initialized CELOUSDT trader
2024-12-30 16:37:37,463 - INFO - Successfully loaded model from /Users/andi/Trader/Trader_Agent/train_models/EOSUSDT_model.pth
2024-12-30 16:37:37,463 - INFO - ✅ Successfully initialized EOSUSDT trader
2024-12-30 16:37:37,466 - INFO - Successfully loaded model from /Users/andi/Trader/Trader_Agent/train_models/CTSIUSDT_model.pth
2024-12-30 16:37:37,466 - INFO - ✅ Successfully initialized CTSIUSDT trader
2024-12-30 16:37:37,468 - INFO - Successfully loaded model from /Users/andi/Trader/Trader_Agent/train_models/TRUUSDT_model.pth
2024-12-30 16:37:37,468 - INFO - ✅ Successfully initialized TRUUSDT trader
2024-12-30 16:37:37,470 - INFO - Successfully loaded model from /Users/andi/Trader/Trader_Agent/train_models/AUDIOUSDT_model.pth
2024-12-30 16:37:37,470 - INFO - ✅ Successfully initialized AUDIOUSDT trader
2024-12-30 16:37:37,472 - INFO - Successfully loaded model from /Users/andi/Trader/Trader_Agent/train_models/KAVAUSDT_model.pth
2024-12-30 16:37:37,472 - INFO - ✅ Successfully initialized KAVAUSDT trader
2024-12-30 16:37:37,475 - INFO - Successfully loaded model from /Users/andi/Trader/Trader_Agent/train_models/RLCUSDT_model.pth
2024-12-30 16:37:37,475 - INFO - ✅ Successfully initialized RLCUSDT trader
2024-12-30 16:37:37,477 - INFO - Successfully loaded model from /Users/andi/Trader/Trader_Agent/train_models/ETCUSDT_model.pth
2024-12-30 16:37:37,477 - INFO - ✅ Successfully initialized ETCUSDT trader
2024-12-30 16:37:37,479 - INFO - Successfully loaded model from /Users/andi/Trader/Trader_Agent/train_models/ZRXUSDT_model.pth
2024-12-30 16:37:37,479 - INFO - ✅ Successfully initialized ZRXUSDT trader
2024-12-30 16:37:37,481 - INFO - Successfully loaded model from /Users/andi/Trader/Trader_Agent/train_models/VITEUSDT_model.pth
2024-12-30 16:37:37,481 - INFO - ✅ Successfully initialized VITEUSDT trader
2024-12-30 16:37:37,484 - INFO - Successfully loaded model from /Users/andi/Trader/Trader_Agent/train_models/ZENUSDT_model.pth
2024-12-30 16:37:37,484 - INFO - ✅ Successfully initialized ZENUSDT trader
2024-12-30 16:37:37,486 - INFO - Successfully loaded model from /Users/andi/Trader/Trader_Agent/train_models/ARPAUSDT_model.pth
2024-12-30 16:37:37,486 - INFO - ✅ Successfully initialized ARPAUSDT trader
2024-12-30 16:37:37,488 - INFO - Successfully loaded model from /Users/andi/Trader/Trader_Agent/train_models/FTTUSDT_model.pth
2024-12-30 16:37:37,488 - INFO - ✅ Successfully initialized FTTUSDT trader
2024-12-30 16:37:37,491 - INFO - Successfully loaded model from /Users/andi/Trader/Trader_Agent/train_models/CVCUSDT_model.pth
2024-12-30 16:37:37,491 - INFO - ✅ Successfully initialized CVCUSDT trader
2024-12-30 16:37:37,493 - INFO - Successfully loaded model from /Users/andi/Trader/Trader_Agent/train_models/HARDUSDT_model.pth
2024-12-30 16:37:37,493 - INFO - ✅ Successfully initialized HARDUSDT trader
2024-12-30 16:37:37,496 - INFO - Successfully loaded model from /Users/andi/Trader/Trader_Agent/train_models/BTCUSDT_model.pth
2024-12-30 16:37:37,496 - INFO - ✅ Successfully initialized BTCUSDT trader
2024-12-30 16:37:37,518 - INFO - Successfully loaded model from /Users/andi/Trader/Trader_Agent/train_models/UTKUSDT_model.pth
2024-12-30 16:37:37,519 - INFO - ✅ Successfully initialized UTKUSDT trader
2024-12-30 16:37:37,543 - INFO - Successfully loaded model from /Users/andi/Trader/Trader_Agent/train_models/DIAUSDT_model.pth
2024-12-30 16:37:37,544 - INFO - ✅ Successfully initialized DIAUSDT trader
2024-12-30 16:37:37,547 - INFO - Successfully loaded model from /Users/andi/Trader/Trader_Agent/train_models/BADGERUSDT_model.pth
2024-12-30 16:37:37,547 - INFO - ✅ Successfully initialized BADGERUSDT trader
2024-12-30 16:37:37,550 - INFO - Successfully loaded model from /Users/andi/Trader/Trader_Agent/train_models/RUNEUSDT_model.pth
2024-12-30 16:37:37,550 - INFO - ✅ Successfully initialized RUNEUSDT trader
2024-12-30 16:37:37,553 - INFO - Successfully loaded model from /Users/andi/Trader/Trader_Agent/train_models/TWTUSDT_model.pth
2024-12-30 16:37:37,553 - INFO - ✅ Successfully initialized TWTUSDT trader
2024-12-30 16:37:37,560 - INFO - Successfully loaded model from /Users/andi/Trader/Trader_Agent/train_models/ENJUSDT_model.pth
2024-12-30 16:37:37,560 - INFO - ✅ Successfully initialized ENJUSDT trader
2024-12-30 16:37:37,563 - INFO - Successfully loaded model from /Users/andi/Trader/Trader_Agent/train_models/TFUELUSDT_model.pth
2024-12-30 16:37:37,563 - INFO - ✅ Successfully initialized TFUELUSDT trader
2024-12-30 16:37:37,565 - INFO - Successfully loaded model from /Users/andi/Trader/Trader_Agent/train_models/STRAXUSDT_model.pth
2024-12-30 16:37:37,566 - INFO - ✅ Successfully initialized STRAXUSDT trader
2024-12-30 16:37:37,568 - INFO - Successfully loaded model from /Users/andi/Trader/Trader_Agent/train_models/BELUSDT_model.pth
2024-12-30 16:37:37,568 - INFO - ✅ Successfully initialized BELUSDT trader
2024-12-30 16:37:37,570 - INFO - Successfully loaded model from /Users/andi/Trader/Trader_Agent/train_models/LUNAUSDT_model.pth
2024-12-30 16:37:37,570 - INFO - ✅ Successfully initialized LUNAUSDT trader
2024-12-30 16:37:37,572 - INFO - Successfully loaded model from /Users/andi/Trader/Trader_Agent/train_models/DENTUSDT_model.pth
2024-12-30 16:37:37,572 - INFO - ✅ Successfully initialized DENTUSDT trader
2024-12-30 16:37:37,575 - INFO - Successfully loaded model from /Users/andi/Trader/Trader_Agent/train_models/CHRUSDT_model.pth
2024-12-30 16:37:37,575 - INFO - ✅ Successfully initialized CHRUSDT trader
2024-12-30 16:37:37,577 - INFO - Successfully loaded model from /Users/andi/Trader/Trader_Agent/train_models/LINKUSDT_model.pth
2024-12-30 16:37:37,577 - INFO - ✅ Successfully initialized LINKUSDT trader
2024-12-30 16:37:37,579 - INFO - Successfully loaded model from /Users/andi/Trader/Trader_Agent/train_models/CELRUSDT_model.pth
2024-12-30 16:37:37,579 - INFO - ✅ Successfully initialized CELRUSDT trader
2024-12-30 16:37:37,581 - INFO - Successfully loaded model from /Users/andi/Trader/Trader_Agent/train_models/EGLDUSDT_model.pth
2024-12-30 16:37:37,581 - INFO - ✅ Successfully initialized EGLDUSDT trader
2024-12-30 16:37:37,583 - INFO - Successfully loaded model from /Users/andi/Trader/Trader_Agent/train_models/STORJUSDT_model.pth
2024-12-30 16:37:37,583 - INFO - ✅ Successfully initialized STORJUSDT trader
2024-12-30 16:37:37,585 - INFO - Successfully loaded model from /Users/andi/Trader/Trader_Agent/train_models/STMXUSDT_model.pth
2024-12-30 16:37:37,585 - INFO - ✅ Successfully initialized STMXUSDT trader
2024-12-30 16:37:37,587 - INFO - Successfully loaded model from /Users/andi/Trader/Trader_Agent/train_models/BNBUSDT_model.pth
2024-12-30 16:37:37,587 - INFO - ✅ Successfully initialized BNBUSDT trader
2024-12-30 16:37:37,590 - INFO - Successfully loaded model from /Users/andi/Trader/Trader_Agent/train_models/NKNUSDT_model.pth
2024-12-30 16:37:37,590 - INFO - ✅ Successfully initialized NKNUSDT trader
2024-12-30 16:37:37,592 - INFO - Successfully loaded model from /Users/andi/Trader/Trader_Agent/train_models/WINGUSDT_model.pth
2024-12-30 16:37:37,592 - INFO - ✅ Successfully initialized WINGUSDT trader
2024-12-30 16:37:37,594 - INFO - Successfully loaded model from /Users/andi/Trader/Trader_Agent/train_models/CRVUSDT_model.pth
2024-12-30 16:37:37,594 - INFO - ✅ Successfully initialized CRVUSDT trader
2024-12-30 16:37:37,596 - INFO - Successfully loaded model from /Users/andi/Trader/Trader_Agent/train_models/SKLUSDT_model.pth
2024-12-30 16:37:37,596 - INFO - ✅ Successfully initialized SKLUSDT trader
2024-12-30 16:37:37,598 - INFO - Successfully loaded model from /Users/andi/Trader/Trader_Agent/train_models/BNTUSDT_model.pth
2024-12-30 16:37:37,598 - INFO - ✅ Successfully initialized BNTUSDT trader
2024-12-30 16:37:37,601 - INFO - Successfully loaded model from /Users/andi/Trader/Trader_Agent/train_models/NMRUSDT_model.pth
2024-12-30 16:37:37,601 - INFO - ✅ Successfully initialized NMRUSDT trader
2024-12-30 16:37:37,603 - INFO - Successfully loaded model from /Users/andi/Trader/Trader_Agent/train_models/CTKUSDT_model.pth
2024-12-30 16:37:37,603 - INFO - ✅ Successfully initialized CTKUSDT trader
2024-12-30 16:37:37,605 - INFO - Successfully loaded model from /Users/andi/Trader/Trader_Agent/train_models/XLMUSDT_model.pth
2024-12-30 16:37:37,605 - INFO - ✅ Successfully initialized XLMUSDT trader
2024-12-30 16:37:37,607 - INFO - Successfully loaded model from /Users/andi/Trader/Trader_Agent/train_models/QTUMUSDT_model.pth
2024-12-30 16:37:37,607 - INFO - ✅ Successfully initialized QTUMUSDT trader
2024-12-30 16:37:37,609 - INFO - Successfully loaded model from /Users/andi/Trader/Trader_Agent/train_models/AVAXUSDT_model.pth
2024-12-30 16:37:37,609 - INFO - ✅ Successfully initialized AVAXUSDT trader
2024-12-30 16:37:37,611 - INFO - Successfully loaded model from /Users/andi/Trader/Trader_Agent/train_models/PAXGUSDT_model.pth
2024-12-30 16:37:37,611 - INFO - ✅ Successfully initialized PAXGUSDT trader
2024-12-30 16:37:37,613 - INFO - Successfully loaded model from /Users/andi/Trader/Trader_Agent/train_models/IOTXUSDT_model.pth
2024-12-30 16:37:37,613 - INFO - ✅ Successfully initialized IOTXUSDT trader
2024-12-30 16:37:37,615 - INFO - Successfully loaded model from /Users/andi/Trader/Trader_Agent/train_models/MTLUSDT_model.pth
2024-12-30 16:37:37,615 - INFO - ✅ Successfully initialized MTLUSDT trader
2024-12-30 16:37:37,615 - INFO - Total number of active traders: 157
2024-12-30 16:39:04,773 - INFO - ✅ Generated signals for RVNUSDT
2024-12-30 16:39:05,059 - INFO - ✅ Generated signals for ALGOUSDT
2024-12-30 16:39:05,344 - INFO - ✅ Generated signals for STXUSDT
2024-12-30 16:39:05,616 - INFO - ✅ Generated signals for SXPUSDT
2024-12-30 16:39:05,887 - INFO - ✅ Generated signals for ROSEUSDT
2024-12-30 16:39:06,159 - INFO - ✅ Generated signals for DOTUSDT
2024-12-30 16:39:06,428 - INFO - ✅ Generated signals for XTZUSDT
2024-12-30 16:39:06,698 - INFO - ✅ Generated signals for OGNUSDT
2024-12-30 16:39:06,974 - INFO - ✅ Generated signals for ADAUSDT
2024-12-30 16:39:07,257 - INFO - ✅ Generated signals for SUNUSDT
2024-12-30 16:39:07,544 - INFO - ✅ Generated signals for FUNUSDT
2024-12-30 16:39:07,837 - INFO - ✅ Generated signals for KMDUSDT
2024-12-30 16:39:08,124 - INFO - ✅ Generated signals for MBLUSDT
2024-12-30 16:39:08,410 - INFO - ✅ Generated signals for JSTUSDT
2024-12-30 16:39:08,696 - INFO - ✅ Generated signals for DODOUSDT
2024-12-30 16:39:08,984 - INFO - ✅ Generated signals for PONDUSDT
2024-12-30 16:39:09,271 - INFO - ✅ Generated signals for ONEUSDT
2024-12-30 16:39:09,554 - INFO - ✅ Generated signals for DASHUSDT
2024-12-30 16:39:09,837 - INFO - ✅ Generated signals for MDTUSDT
2024-12-30 16:39:10,123 - INFO - ✅ Generated signals for OGUSDT
2024-12-30 16:39:10,415 - INFO - ✅ Generated signals for FILUSDT
2024-12-30 16:39:10,707 - INFO - ✅ Generated signals for XVSUSDT
2024-12-30 16:39:10,992 - INFO - ✅ Generated signals for WANUSDT
2024-12-30 16:39:11,277 - INFO - ✅ Generated signals for ASRUSDT
2024-12-30 16:39:11,560 - INFO - ✅ Generated signals for JUVUSDT
2024-12-30 16:39:11,837 - INFO - ✅ Generated signals for THETAUSDT
2024-12-30 16:39:12,117 - INFO - ✅ Generated signals for LITUSDT
2024-12-30 16:39:12,402 - INFO - ✅ Generated signals for NEOUSDT
2024-12-30 16:39:12,688 - INFO - ✅ Generated signals for HIVEUSDT
2024-12-30 16:39:12,970 - INFO - ✅ Generated signals for ARDRUSDT
2024-12-30 16:39:13,252 - INFO - ✅ Generated signals for FISUSDT
2024-12-30 16:39:13,522 - INFO - ✅ Generated signals for CHZUSDT
2024-12-30 16:39:13,792 - INFO - ✅ Generated signals for XRPUSDT
2024-12-30 16:39:14,064 - INFO - ✅ Generated signals for LRCUSDT
2024-12-30 16:39:14,339 - INFO - ✅ Generated signals for LSKUSDT
2024-12-30 16:39:14,628 - INFO - ✅ Generated signals for SNXUSDT
2024-12-30 16:39:14,912 - INFO - ✅ Generated signals for RSRUSDT
2024-12-30 16:39:15,192 - INFO - ✅ Generated signals for ZECUSDT
2024-12-30 16:39:15,479 - INFO - ✅ Generated signals for COMPUSDT
2024-12-30 16:39:15,761 - INFO - ✅ Generated signals for BATUSDT
2024-12-30 16:39:16,041 - INFO - ✅ Generated signals for EURUSDT
2024-12-30 16:39:16,324 - INFO - ✅ Generated signals for OXTUSDT
2024-12-30 16:39:16,608 - INFO - ✅ Generated signals for TRBUSDT
2024-12-30 16:39:16,889 - INFO - ✅ Generated signals for KSMUSDT
2024-12-30 16:39:17,173 - INFO - ✅ Generated signals for ALPHAUSDT
2024-12-30 16:39:17,459 - INFO - ✅ Generated signals for ETHUSDT
2024-12-30 16:39:17,740 - INFO - ✅ Generated signals for 1INCHUSDT
2024-12-30 16:39:18,010 - INFO - ✅ Generated signals for CKBUSDT
2024-12-30 16:39:18,284 - INFO - ✅ Generated signals for ATOMUSDT
2024-12-30 16:39:18,556 - INFO - ✅ Generated signals for VETUSDT
2024-12-30 16:39:18,841 - INFO - ✅ Generated signals for DUSKUSDT
2024-12-30 16:39:19,117 - INFO - ✅ Generated signals for ALICEUSDT
2024-12-30 16:39:19,400 - INFO - ✅ Generated signals for FETUSDT
2024-12-30 16:39:19,681 - INFO - ✅ Generated signals for ONGUSDT
2024-12-30 16:39:19,953 - INFO - ✅ Generated signals for CTXCUSDT
2024-12-30 16:39:20,239 - INFO - ✅ Generated signals for SCUSDT
2024-12-30 16:39:20,535 - INFO - ✅ Generated signals for COSUSDT
2024-12-30 16:39:20,820 - INFO - ✅ Generated signals for COTIUSDT
2024-12-30 16:39:21,097 - INFO - ✅ Generated signals for VTHOUSDT
2024-12-30 16:39:21,389 - INFO - ✅ Generated signals for DEGOUSDT
2024-12-30 16:39:21,676 - INFO - ✅ Generated signals for UMAUSDT
2024-12-30 16:39:22,040 - INFO - ✅ Generated signals for FIROUSDT
2024-12-30 16:39:22,336 - INFO - ✅ Generated signals for NEARUSDT
2024-12-30 16:39:22,620 - INFO - ✅ Generated signals for WINUSDT
2024-12-30 16:39:22,911 - INFO - ✅ Generated signals for FLMUSDT
2024-12-30 16:39:23,197 - INFO - ✅ Generated signals for DATAUSDT
2024-12-30 16:39:23,480 - INFO - ✅ Generated signals for AXSUSDT
2024-12-30 16:39:23,762 - INFO - ✅ Generated signals for ONTUSDT
2024-12-30 16:39:24,042 - INFO - ✅ Generated signals for SOLUSDT
2024-12-30 16:39:24,057 - WARNING - No model available for TUSDUSDT
2024-12-30 16:39:24,333 - INFO - ✅ Generated signals for KNCUSDT
2024-12-30 16:39:24,616 - INFO - ✅ Generated signals for IOTAUSDT
2024-12-30 16:39:25,008 - INFO - ✅ Generated signals for BALUSDT
2024-12-30 16:39:25,031 - WARNING - No model available for USDCUSDT
2024-12-30 16:39:25,306 - INFO - ✅ Generated signals for FIOUSDT
2024-12-30 16:39:25,586 - INFO - ✅ Generated signals for DOGEUSDT
2024-12-30 16:39:25,868 - INFO - ✅ Generated signals for IOSTUSDT
2024-12-30 16:39:26,142 - INFO - ✅ Generated signals for MKRUSDT
2024-12-30 16:39:26,428 - INFO - ✅ Generated signals for GRTUSDT
2024-12-30 16:39:26,714 - INFO - ✅ Generated signals for OMUSDT
2024-12-30 16:39:27,002 - INFO - ✅ Generated signals for UNIUSDT
2024-12-30 16:39:27,291 - INFO - ✅ Generated signals for TROYUSDT
2024-12-30 16:39:27,573 - INFO - ✅ Generated signals for SANDUSDT
2024-12-30 16:39:27,855 - INFO - ✅ Generated signals for ACMUSDT
2024-12-30 16:39:28,142 - INFO - ✅ Generated signals for ANKRUSDT
2024-12-30 16:39:28,430 - INFO - ✅ Generated signals for NULSUSDT
2024-12-30 16:39:28,710 - INFO - ✅ Generated signals for CAKEUSDT
2024-12-30 16:39:28,996 - INFO - ✅ Generated signals for PSGUSDT
2024-12-30 16:39:29,277 - INFO - ✅ Generated signals for BANDUSDT
2024-12-30 16:39:29,563 - INFO - ✅ Generated signals for LTOUSDT
2024-12-30 16:39:29,846 - INFO - ✅ Generated signals for DGBUSDT
2024-12-30 16:39:30,126 - INFO - ✅ Generated signals for ATMUSDT
2024-12-30 16:39:30,411 - INFO - ✅ Generated signals for HBARUSDT
2024-12-30 16:39:30,695 - INFO - ✅ Generated signals for FTMUSDT
2024-12-30 16:39:30,965 - INFO - ✅ Generated signals for STPTUSDT
2024-12-30 16:39:31,236 - INFO - ✅ Generated signals for INJUSDT
2024-12-30 16:39:31,508 - INFO - ✅ Generated signals for DCRUSDT
2024-12-30 16:39:31,778 - INFO - ✅ Generated signals for BCHUSDT
2024-12-30 16:39:32,051 - INFO - ✅ Generated signals for RIFUSDT
2024-12-30 16:39:32,337 - INFO - ✅ Generated signals for SFPUSDT
2024-12-30 16:39:32,620 - INFO - ✅ Generated signals for AVAUSDT
2024-12-30 16:39:32,900 - INFO - ✅ Generated signals for AAVEUSDT
2024-12-30 16:39:33,186 - INFO - ✅ Generated signals for TRXUSDT
2024-12-30 16:39:33,470 - INFO - ✅ Generated signals for MANAUSDT
2024-12-30 16:39:33,757 - INFO - ✅ Generated signals for SUSHIUSDT
2024-12-30 16:39:34,031 - INFO - ✅ Generated signals for HOTUSDT
2024-12-30 16:39:34,315 - INFO - ✅ Generated signals for ICXUSDT
2024-12-30 16:39:34,587 - INFO - ✅ Generated signals for LTCUSDT
2024-12-30 16:39:34,861 - INFO - ✅ Generated signals for ZILUSDT
2024-12-30 16:39:35,133 - INFO - ✅ Generated signals for YFIUSDT
2024-12-30 16:39:35,414 - INFO - ✅ Generated signals for CELOUSDT
2024-12-30 16:39:35,686 - INFO - ✅ Generated signals for EOSUSDT
2024-12-30 16:39:35,970 - INFO - ✅ Generated signals for CTSIUSDT
2024-12-30 16:39:36,253 - INFO - ✅ Generated signals for TRUUSDT
2024-12-30 16:39:36,531 - INFO - ✅ Generated signals for AUDIOUSDT
2024-12-30 16:39:36,801 - INFO - ✅ Generated signals for KAVAUSDT
2024-12-30 16:39:37,075 - INFO - ✅ Generated signals for RLCUSDT
2024-12-30 16:39:37,348 - INFO - ✅ Generated signals for ETCUSDT
2024-12-30 16:39:37,634 - INFO - ✅ Generated signals for ZRXUSDT
2024-12-30 16:39:37,915 - INFO - ✅ Generated signals for VITEUSDT
2024-12-30 16:39:38,214 - INFO - ✅ Generated signals for ZENUSDT
2024-12-30 16:39:38,498 - INFO - ✅ Generated signals for ARPAUSDT
2024-12-30 16:39:38,786 - INFO - ✅ Generated signals for FTTUSDT
2024-12-30 16:39:39,067 - INFO - ✅ Generated signals for CVCUSDT
2024-12-30 16:39:39,353 - INFO - ✅ Generated signals for HARDUSDT
2024-12-30 16:39:39,635 - INFO - ✅ Generated signals for BTCUSDT
2024-12-30 16:39:39,920 - INFO - ✅ Generated signals for UTKUSDT
2024-12-30 16:39:40,204 - INFO - ✅ Generated signals for DIAUSDT
2024-12-30 16:39:40,483 - INFO - ✅ Generated signals for BADGERUSDT
2024-12-30 16:39:40,760 - INFO - ✅ Generated signals for RUNEUSDT
2024-12-30 16:39:41,045 - INFO - ✅ Generated signals for TWTUSDT
2024-12-30 16:39:41,321 - INFO - ✅ Generated signals for ENJUSDT
2024-12-30 16:39:41,592 - INFO - ✅ Generated signals for TFUELUSDT
2024-12-30 16:39:42,344 - INFO - ✅ Generated signals for STRAXUSDT
2024-12-30 16:39:42,618 - INFO - ✅ Generated signals for BELUSDT
2024-12-30 16:39:42,902 - INFO - ✅ Generated signals for LUNAUSDT
2024-12-30 16:39:43,182 - INFO - ✅ Generated signals for DENTUSDT
2024-12-30 16:39:43,465 - INFO - ✅ Generated signals for CHRUSDT
2024-12-30 16:39:43,734 - INFO - ✅ Generated signals for LINKUSDT
2024-12-30 16:39:44,050 - INFO - ✅ Generated signals for CELRUSDT
2024-12-30 16:39:44,327 - INFO - ✅ Generated signals for EGLDUSDT
2024-12-30 16:39:44,597 - INFO - ✅ Generated signals for STORJUSDT
2024-12-30 16:39:44,875 - INFO - ✅ Generated signals for STMXUSDT
2024-12-30 16:39:45,151 - INFO - ✅ Generated signals for BNBUSDT
2024-12-30 16:39:45,435 - INFO - ✅ Generated signals for NKNUSDT
2024-12-30 16:39:45,720 - INFO - ✅ Generated signals for WINGUSDT
2024-12-30 16:39:46,005 - INFO - ✅ Generated signals for CRVUSDT
2024-12-30 16:39:46,276 - INFO - ✅ Generated signals for SKLUSDT
2024-12-30 16:39:46,564 - INFO - ✅ Generated signals for BNTUSDT
2024-12-30 16:39:46,839 - INFO - ✅ Generated signals for NMRUSDT
2024-12-30 16:39:47,113 - INFO - ✅ Generated signals for CTKUSDT
2024-12-30 16:39:47,390 - INFO - ✅ Generated signals for XLMUSDT
2024-12-30 16:39:47,676 - INFO - ✅ Generated signals for QTUMUSDT
2024-12-30 16:39:47,956 - INFO - ✅ Generated signals for AVAXUSDT
2024-12-30 16:39:48,231 - INFO - ✅ Generated signals for PAXGUSDT
2024-12-30 16:39:48,507 - INFO - ✅ Generated signals for IOTXUSDT
2024-12-30 16:39:48,782 - INFO - ✅ Generated signals for MTLUSDT
